<?xml version="1.0" encoding="UTF-8"?>
<!-- Generated by org.testng.reporters.JUnitReportReporter -->
<testsuite hostname="Nirakar-PC" name="com.nirakar.Examples.DragDrop" tests="1" failures="0" timestamp="19 May 2020 19:02:02 GMT" time="3.252" errors="0">
  <testcase name="draganddrop" time="3.252" classname="com.nirakar.Examples.DragDrop"/>
</testsuite> <!-- com.nirakar.Examples.DragDrop -->
