<?xml version="1.0" encoding="UTF-8"?>
<!-- Generated by org.testng.reporters.JUnitReportReporter -->
<testsuite hostname="Nirakar-PC" name="com.nirakar.script.LoginPageTest" tests="1" failures="0" timestamp="12 Jun 2020 05:39:36 GMT" time="253.942" errors="0">
  <testcase name="MoveToLoginPage" time="253.942" classname="com.nirakar.script.LoginPageTest"/>
</testsuite> <!-- com.nirakar.script.LoginPageTest -->
