<?xml version="1.0" encoding="UTF-8"?>
<!-- Generated by org.testng.reporters.JUnitReportReporter -->
<testsuite hostname="Nirakar-PC" name="com.nirakar.Examples.AnnotationOrder" tests="4" failures="0" timestamp="14 Feb 2018 19:29:47 GMT" time="0.022" errors="0">
  <testcase name="Test15" time="0.004" classname="com.nirakar.Examples.AnnotationOrder"/>
  <testcase name="Test13" time="0.004" classname="com.nirakar.Examples.AnnotationOrder"/>
  <testcase name="Test11" time="0.002" classname="com.nirakar.Examples.AnnotationOrder"/>
  <testcase name="Test16" time="0.012" classname="com.nirakar.Examples.AnnotationOrder"/>
</testsuite> <!-- com.nirakar.Examples.AnnotationOrder -->
